# JRE version: 7.0_11-b21
# Java VM: Java HotSpot(TM) 64-Bit Server VM (23.6-b04 mixed mode windows-amd64 compressed oops)
Heap
 PSYoungGen      total 58944K, used 46309K [0x00000000fa000000, 0x00000000fe640000, 0x0000000100000000)
  eden space 48640K, 83% used [0x00000000fa000000,0x00000000fc776d98,0x00000000fcf80000)
  from space 10304K, 57% used [0x00000000fdc30000,0x00000000fe1f27a0,0x00000000fe640000)
  to   space 11648K, 0% used [0x00000000fcf80000,0x00000000fcf80000,0x00000000fdae0000)
 ParOldGen       total 203840K, used 146851K [0x00000000e8000000, 0x00000000f4710000, 0x00000000fa000000)
  object space 203840K, 72% used [0x00000000e8000000,0x00000000f0f68ee0,0x00000000f4710000)
 PSPermGen       total 94208K, used 68000K [0x00000000e0000000, 0x00000000e5c00000, 0x00000000e8000000)
  object space 94208K, 72% used [0x00000000e0000000,0x00000000e4268310,0x00000000e5c00000)
GC Heap History (10 events):
Event: 76143.961 GC heap before
{Heap before GC invocations=2774 (full 10):
 PSYoungGen      total 57856K, used 57814K [0x00000000fa000000, 0x00000000febc0000, 0x0000000100000000)
  eden space 53504K, 100% used [0x00000000fa000000,0x00000000fd440000,0x00000000fd440000)
  from space 4352K, 99% used [0x00000000fd550000,0x00000000fd985878,0x00000000fd990000)
  to   space 12032K, 0% used [0x00000000fe000000,0x00000000fe000000,0x00000000febc0000)
 ParOldGen       total 203840K, used 133987K [0x00000000e8000000, 0x00000000f4710000, 0x00000000fa000000)
  object space 203840K, 65% used [0x00000000e8000000,0x00000000f02d8d70,0x00000000f4710000)
 PSPermGen       total 94208K, used 67856K [0x00000000e0000000, 0x00000000e5c00000, 0x00000000e8000000)
  object space 94208K, 72% used [0x00000000e0000000,0x00000000e4244380,0x00000000e5c00000)
Event: 76143.980 GC heap after
Heap after GC invocations=2774 (full 10):
 PSYoungGen      total 63488K, used 4041K [0x00000000fa000000, 0x00000000feac0000, 0x0000000100000000)
  eden space 52480K, 0% used [0x00000000fa000000,0x00000000fa000000,0x00000000fd340000)
  from space 11008K, 36% used [0x00000000fe000000,0x00000000fe3f26b0,0x00000000feac0000)
  to   space 12032K, 0% used [0x00000000fd340000,0x00000000fd340000,0x00000000fdf00000)
 ParOldGen       total 203840K, used 137190K [0x00000000e8000000, 0x00000000f4710000, 0x00000000fa000000)
  object space 203840K, 67% used [0x00000000e8000000,0x00000000f05f9938,0x00000000f4710000)
 PSPermGen       total 94208K, used 67856K [0x00000000e0000000, 0x00000000e5c00000, 0x00000000e8000000)
  object space 94208K, 72% used [0x00000000e0000000,0x00000000e4244380,0x00000000e5c00000)
}
Event: 76152.440 GC heap before
{Heap before GC invocations=2775 (full 10):
 PSYoungGen      total 63488K, used 56521K [0x00000000fa000000, 0x00000000feac0000, 0x0000000100000000)
  eden space 52480K, 100% used [0x00000000fa000000,0x00000000fd340000,0x00000000fd340000)
  from space 11008K, 36% used [0x00000000fe000000,0x00000000fe3f26b0,0x00000000feac0000)
  to   space 12032K, 0% used [0x00000000fd340000,0x00000000fd340000,0x00000000fdf00000)
 ParOldGen       total 203840K, used 137190K [0x00000000e8000000, 0x00000000f4710000, 0x00000000fa000000)
  object space 203840K, 67% used [0x00000000e8000000,0x00000000f05f9938,0x00000000f4710000)
 PSPermGen       total 94208K, used 67898K [0x00000000e0000000, 0x00000000e5c00000, 0x00000000e8000000)
  object space 94208K, 72% used [0x00000000e0000000,0x00000000e424e958,0x00000000e5c00000)
Event: 76152.453 GC heap after
Heap after GC invocations=2775 (full 10):
 PSYoungGen      total 60032K, used 8525K [0x00000000fa000000, 0x00000000fea00000, 0x0000000100000000)
  eden space 51456K, 0% used [0x00000000fa000000,0x00000000fa000000,0x00000000fd240000)
  from space 8576K, 99% used [0x00000000fd340000,0x00000000fdb93600,0x00000000fdba0000)
  to   space 12160K, 0% used [0x00000000fde20000,0x00000000fde20000,0x00000000fea00000)
 ParOldGen       total 203840K, used 140764K [0x00000000e8000000, 0x00000000f4710000, 0x00000000fa000000)
  object space 203840K, 69% used [0x00000000e8000000,0x00000000f0977160,0x00000000f4710000)
 PSPermGen       total 94208K, used 67898K [0x00000000e0000000, 0x00000000e5c00000, 0x00000000e8000000)
  object space 94208K, 72% used [0x00000000e0000000,0x00000000e424e958,0x00000000e5c00000)
}
Event: 76257.437 GC heap before
{Heap before GC invocations=2776 (full 10):
 PSYoungGen      total 60032K, used 59981K [0x00000000fa000000, 0x00000000fea00000, 0x0000000100000000)
  eden space 51456K, 100% used [0x00000000fa000000,0x00000000fd240000,0x00000000fd240000)
  from space 8576K, 99% used [0x00000000fd340000,0x00000000fdb93600,0x00000000fdba0000)
  to   space 12160K, 0% used [0x00000000fde20000,0x00000000fde20000,0x00000000fea00000)
 ParOldGen       total 203840K, used 140764K [0x00000000e8000000, 0x00000000f4710000, 0x00000000fa000000)
  object space 203840K, 69% used [0x00000000e8000000,0x00000000f0977160,0x00000000f4710000)
 PSPermGen       total 94208K, used 67915K [0x00000000e0000000, 0x00000000e5c00000, 0x00000000e8000000)
  object space 94208K, 72% used [0x00000000e0000000,0x00000000e4252ef0,0x00000000e5c00000)
Event: 76257.455 GC heap after
Heap after GC invocations=2776 (full 10):
 PSYoungGen      total 62464K, used 1888K [0x00000000fa000000, 0x00000000fe9d0000, 0x0000000100000000)
  eden space 50496K, 0% used [0x00000000fa000000,0x00000000fa000000,0x00000000fd150000)
  from space 11968K, 15% used [0x00000000fde20000,0x00000000fdff8000,0x00000000fe9d0000)
  to   space 12544K, 0% used [0x00000000fd150000,0x00000000fd150000,0x00000000fdd90000)
 ParOldGen       total 203840K, used 146851K [0x00000000e8000000, 0x00000000f4710000, 0x00000000fa000000)
  object space 203840K, 72% used [0x00000000e8000000,0x00000000f0f68ee0,0x00000000f4710000)
 PSPermGen       total 94208K, used 67915K [0x00000000e0000000, 0x00000000e5c00000, 0x00000000e8000000)
  object space 94208K, 72% used [0x00000000e0000000,0x00000000e4252ef0,0x00000000e5c00000)
}
Event: 76273.549 GC heap before
{Heap before GC invocations=2777 (full 10):
 PSYoungGen      total 62464K, used 52384K [0x00000000fa000000, 0x00000000fe9d0000, 0x0000000100000000)
  eden space 50496K, 100% used [0x00000000fa000000,0x00000000fd150000,0x00000000fd150000)
  from space 11968K, 15% used [0x00000000fde20000,0x00000000fdff8000,0x00000000fe9d0000)
  to   space 12544K, 0% used [0x00000000fd150000,0x00000000fd150000,0x00000000fdd90000)
 ParOldGen       total 203840K, used 146851K [0x00000000e8000000, 0x00000000f4710000, 0x00000000fa000000)
  object space 203840K, 72% used [0x00000000e8000000,0x00000000f0f68ee0,0x00000000f4710000)
 PSPermGen       total 94208K, used 67963K [0x00000000e0000000, 0x00000000e5c00000, 0x00000000e8000000)
  object space 94208K, 72% used [0x00000000e0000000,0x00000000e425ec58,0x00000000e5c00000)
Event: 76273.561 GC heap after
Heap after GC invocations=2777 (full 10):
 PSYoungGen      total 54912K, used 5345K [0x00000000fa000000, 0x00000000fe800000, 0x0000000100000000)
  eden space 49536K, 0% used [0x00000000fa000000,0x00000000fa000000,0x00000000fd060000)
  from space 5376K, 99% used [0x00000000fd150000,0x00000000fd688690,0x00000000fd690000)
  to   space 12096K, 0% used [0x00000000fdc30000,0x00000000fdc30000,0x00000000fe800000)
 ParOldGen       total 203840K, used 146851K [0x00000000e8000000, 0x00000000f4710000, 0x00000000fa000000)
  object space 203840K, 72% used [0x00000000e8000000,0x00000000f0f68ee0,0x00000000f4710000)
 PSPermGen       total 94208K, used 67963K [0x00000000e0000000, 0x00000000e5c00000, 0x00000000e8000000)
  object space 94208K, 72% used [0x00000000e0000000,0x00000000e425ec58,0x00000000e5c00000)
}
Event: 76323.332 GC heap before
{Heap before GC invocations=2778 (full 10):
 PSYoungGen      total 54912K, used 54881K [0x00000000fa000000, 0x00000000fe800000, 0x0000000100000000)
  eden space 49536K, 100% used [0x00000000fa000000,0x00000000fd060000,0x00000000fd060000)
  from space 5376K, 99% used [0x00000000fd150000,0x00000000fd688690,0x00000000fd690000)
  to   space 12096K, 0% used [0x00000000fdc30000,0x00000000fdc30000,0x00000000fe800000)
 ParOldGen       total 203840K, used 146851K [0x00000000e8000000, 0x00000000f4710000, 0x00000000fa000000)
  object space 203840K, 72% used [0x00000000e8000000,0x00000000f0f68ee0,0x00000000f4710000)
 PSPermGen       total 94208K, used 67993K [0x00000000e0000000, 0x00000000e5c00000, 0x00000000e8000000)
  object space 94208K, 72% used [0x00000000e0000000,0x00000000e42664e0,0x00000000e5c00000)
Event: 76323.355 GC heap after
Heap after GC invocations=2778 (full 10):
 PSYoungGen      total 58944K, used 5897K [0x00000000fa000000, 0x00000000fe640000, 0x0000000100000000)
  eden space 48640K, 0% used [0x00000000fa000000,0x00000000fa000000,0x00000000fcf80000)
  from space 10304K, 57% used [0x00000000fdc30000,0x00000000fe1f27a0,0x00000000fe640000)
  to   space 11648K, 0% used [0x00000000fcf80000,0x00000000fcf80000,0x00000000fdae0000)
 ParOldGen       total 203840K, used 146851K [0x00000000e8000000, 0x00000000f4710000, 0x00000000fa000000)
  object space 203840K, 72% used [0x00000000e8000000,0x00000000f0f68ee0,0x00000000f4710000)
 PSPermGen       total 94208K, used 67993K [0x00000000e0000000, 0x00000000e5c00000, 0x00000000e8000000)
  object space 94208K, 72% used [0x00000000e0000000,0x00000000e42664e0,0x00000000e5c00000)
}

